<?xml version="1.0" encoding="UTF-8"?>
<testsuite name="exercise.ApplicationTest" tests="7" skipped="0" failures="0" errors="0" timestamp="2024-01-12T10:40:01" hostname="MacBook-Pro-Daniil.local" time="0.479">
  <properties/>
  <testcase name="testUpdateUnknownPost()" classname="exercise.ApplicationTest" time="0.44"/>
  <testcase name="testIndex()" classname="exercise.ApplicationTest" time="0.008"/>
  <testcase name="testShow()" classname="exercise.ApplicationTest" time="0.004"/>
  <testcase name="testUpdatePost()" classname="exercise.ApplicationTest" time="0.012"/>
  <testcase name="testShowUnknown()" classname="exercise.ApplicationTest" time="0.003"/>
  <testcase name="testCreatePost()" classname="exercise.ApplicationTest" time="0.003"/>
  <testcase name="testDelete()" classname="exercise.ApplicationTest" time="0.005"/>
  <system-out><![CDATA[13:40:00.727 [Test worker] INFO org.springframework.test.context.support.AnnotationConfigContextLoaderUtils -- Could not detect default configuration classes for test class [exercise.ApplicationTest]: ApplicationTest does not declare any static, non-private, non-final, nested classes annotated with @Configuration.
13:40:00.779 [Test worker] INFO org.springframework.boot.test.context.SpringBootTestContextBootstrapper -- Found @SpringBootConfiguration exercise.Application for test class exercise.ApplicationTest

  .   ____          _            __ _ _
 /\\ / ___'_ __ _ _(_)_ __  __ _ \ \ \ \
( ( )\___ | '_ | '_| | '_ \/ _` | \ \ \ \
 \\/  ___)| |_)| | | | | || (_| |  ) ) ) )
  '  |____| .__|_| |_|_| |_\__, | / / / /
 =========|_|==============|___/=/_/_/_/
 :: Spring Boot ::                (v3.1.3)

2024-01-12T13:40:00.929+03:00  INFO 47115 --- [    Test worker] exercise.ApplicationTest                 : Starting ApplicationTest using Java 17.0.5 with PID 47115 (started by daniilvasutin in /Users/daniilvasutin/Hexlet/hexlet-assignments/java-spring-ru/response-entity)
2024-01-12T13:40:00.930+03:00  INFO 47115 --- [    Test worker] exercise.ApplicationTest                 : No active profile set, falling back to 1 default profile: "default"
2024-01-12T13:40:01.414+03:00  INFO 47115 --- [    Test worker] o.s.b.t.m.w.SpringBootMockServletContext : Initializing Spring TestDispatcherServlet ''
2024-01-12T13:40:01.415+03:00  INFO 47115 --- [    Test worker] o.s.t.web.servlet.TestDispatcherServlet  : Initializing Servlet ''
2024-01-12T13:40:01.415+03:00  INFO 47115 --- [    Test worker] o.s.t.web.servlet.TestDispatcherServlet  : Completed initialization in 0 ms
2024-01-12T13:40:01.428+03:00  INFO 47115 --- [    Test worker] exercise.ApplicationTest                 : Started ApplicationTest in 0.596 seconds (process running for 1.068)
]]></system-out>
  <system-err><![CDATA[]]></system-err>
</testsuite>
